TN:
SF:src/api.ts
FN:18,authenticatedRequest
FN:46,apiKeyRequest
FN:60,testPagination
FN:85,expectApiError
FN:101,expectValidationError
FN:112,(anonymous_6)
FNF:6
FNH:0
FNDA:0,authenticatedRequest
FNDA:0,apiKeyRequest
FNDA:0,testPagination
FNDA:0,expectApiError
FNDA:0,expectValidationError
FNDA:0,(anonymous_6)
DA:6,0
DA:7,0
DA:8,0
DA:18,0
DA:25,0
DA:36,0
DA:46,0
DA:51,0
DA:60,0
DA:65,0
DA:66,0
DA:67,0
DA:68,0
DA:71,0
DA:72,0
DA:73,0
DA:74,0
DA:75,0
DA:85,0
DA:90,0
DA:91,0
DA:92,0
DA:101,0
DA:105,0
DA:106,0
DA:107,0
DA:109,0
DA:110,0
DA:111,0
DA:112,0
LF:30
LH:0
BRDA:20,0,0,0
BRDA:21,1,0,0
BRDA:22,2,0,0
BRDA:31,3,0,0
BRDA:31,3,1,0
BRDA:48,4,0,0
BRDA:109,5,0,0
BRF:7
BRH:0
end_of_record
TN:
SF:src/db.ts
FN:21,setupTestDatabase
FN:38,cleanupTestDatabase
FN:61,createTestUser
FN:80,createTestWallet
FN:102,createTestProof
FN:134,createTestOrganization
FN:150,createTestOrganizationUser
FN:169,createCompleteTestUser
FNF:8
FNH:0
FNDA:0,setupTestDatabase
FNDA:0,cleanupTestDatabase
FNDA:0,createTestUser
FNDA:0,createTestWallet
FNDA:0,createTestProof
FNDA:0,createTestOrganization
FNDA:0,createTestOrganizationUser
FNDA:0,createCompleteTestUser
DA:6,0
DA:7,0
DA:10,0
DA:21,0
DA:22,0
DA:24,0
DA:25,0
DA:28,0
DA:30,0
DA:31,0
DA:38,0
DA:39,0
DA:41,0
DA:42,0
DA:43,0
DA:44,0
DA:45,0
DA:46,0
DA:47,0
DA:48,0
DA:49,0
DA:51,0
DA:53,0
DA:54,0
DA:61,0
DA:62,0
DA:64,0
DA:80,0
DA:81,0
DA:102,0
DA:103,0
DA:104,0
DA:106,0
DA:134,0
DA:135,0
DA:150,0
DA:155,0
DA:169,0
DA:174,0
DA:175,0
DA:176,0
DA:180,0
DA:182,0
DA:190,0
LF:44
LH:0
BRDA:61,0,0,0
BRDA:67,1,0,0
BRDA:67,1,1,0
BRDA:68,2,0,0
BRDA:68,2,1,0
BRDA:69,3,0,0
BRDA:69,3,1,0
BRDA:70,4,0,0
BRDA:70,4,1,0
BRDA:71,5,0,0
BRDA:71,5,1,0
BRDA:72,6,0,0
BRDA:72,6,1,0
BRDA:80,7,0,0
BRDA:85,8,0,0
BRDA:85,8,1,0
BRDA:86,9,0,0
BRDA:86,9,1,0
BRDA:87,10,0,0
BRDA:87,10,1,0
BRDA:90,11,0,0
BRDA:90,11,1,0
BRDA:91,12,0,0
BRDA:91,12,1,0
BRDA:92,13,0,0
BRDA:92,13,1,0
BRDA:102,14,0,0
BRDA:110,15,0,0
BRDA:110,15,1,0
BRDA:111,16,0,0
BRDA:111,16,1,0
BRDA:112,17,0,0
BRDA:112,17,1,0
BRDA:113,18,0,0
BRDA:113,18,1,0
BRDA:114,19,0,0
BRDA:114,19,1,0
BRDA:117,20,0,0
BRDA:117,20,1,0
BRDA:118,21,0,0
BRDA:118,21,1,0
BRDA:124,22,0,0
BRDA:124,22,1,0
BRDA:125,23,0,0
BRDA:125,23,1,0
BRDA:126,24,0,0
BRDA:126,24,1,0
BRDA:134,25,0,0
BRDA:138,26,0,0
BRDA:138,26,1,0
BRDA:139,27,0,0
BRDA:139,27,1,0
BRDA:140,28,0,0
BRDA:140,28,1,0
BRDA:141,29,0,0
BRDA:141,29,1,0
BRDA:142,30,0,0
BRDA:142,30,1,0
BRDA:153,31,0,0
BRDA:160,32,0,0
BRDA:160,32,1,0
BRDA:161,33,0,0
BRDA:161,33,1,0
BRDA:169,34,0,0
BRF:64
BRH:0
end_of_record
TN:
SF:src/index.ts
FN:25,withTestSetup
FN:26,(anonymous_11)
FN:46,withTestTeardown
FN:47,(anonymous_13)
FN:80,setupTestEnvironment
FN:84,(anonymous_15)
FN:85,(anonymous_16)
FNF:7
FNH:0
FNDA:0,withTestSetup
FNDA:0,(anonymous_11)
FNDA:0,withTestTeardown
FNDA:0,(anonymous_13)
FNDA:0,setupTestEnvironment
FNDA:0,(anonymous_15)
FNDA:0,(anonymous_16)
DA:8,0
DA:11,0
DA:14,0
DA:17,0
DA:18,0
DA:25,0
DA:26,0
DA:27,0
DA:29,0
DA:30,0
DA:33,0
DA:35,0
DA:36,0
DA:46,0
DA:47,0
DA:48,0
DA:50,0
DA:53,0
DA:54,0
DA:57,0
DA:59,0
DA:62,0
DA:63,0
DA:64,0
DA:66,0
DA:69,0
DA:80,0
DA:84,0
DA:85,0
LF:29
LH:0
BRDA:84,0,0,0
BRDA:84,0,1,0
BRDA:85,1,0,0
BRDA:85,1,1,0
BRF:4
BRH:0
end_of_record
TN:
SF:src/zkProof.ts
FN:38,generateTestProof
FN:81,verifyTestProof
FN:118,generateTestSignature
FN:140,createCompleteTestZkProof
FNF:4
FNH:0
FNDA:0,generateTestProof
FNDA:0,verifyTestProof
FNDA:0,generateTestSignature
FNDA:0,createCompleteTestZkProof
DA:6,0
DA:7,0
DA:8,0
DA:11,0
DA:38,0
DA:45,0
DA:47,0
DA:50,0
DA:51,0
DA:52,0
DA:55,0
DA:56,0
DA:60,0
DA:66,0
DA:68,0
DA:69,0
DA:81,0
DA:86,0
DA:88,0
DA:91,0
DA:92,0
DA:95,0
DA:96,0
DA:100,0
DA:103,0
DA:105,0
DA:107,0
DA:108,0
DA:118,0
DA:123,0
DA:126,0
DA:128,0
DA:140,0
DA:151,0
DA:152,0
DA:155,0
DA:158,0
DA:161,0
DA:164,0
DA:167,0
DA:177,0
DA:179,0
LF:42
LH:0
BRDA:40,0,0,0
BRDA:55,1,0,0
BRDA:55,2,0,0
BRDA:55,2,1,0
BRDA:69,3,0,0
BRDA:69,3,1,0
BRDA:95,4,0,0
BRDA:108,5,0,0
BRDA:108,5,1,0
BRDA:141,6,0,0
BRF:10
BRH:0
end_of_record
