TN:
SF:services/BlacklistChecker.test.js
FN:12,(anonymous_0)
FN:17,(anonymous_1)
FN:21,(anonymous_2)
FN:22,(anonymous_3)
FN:28,(anonymous_4)
FN:33,(anonymous_5)
FN:34,(anonymous_6)
FN:35,(anonymous_7)
FN:38,(anonymous_8)
FN:58,(anonymous_9)
FN:88,(anonymous_10)
FN:119,(anonymous_11)
FN:121,(anonymous_12)
FN:162,(anonymous_13)
FN:164,(anonymous_14)
FN:209,(anonymous_15)
FN:211,(anonymous_16)
FN:235,(anonymous_17)
FN:237,(anonymous_18)
FN:243,(anonymous_19)
FN:276,(anonymous_20)
FN:278,(anonymous_21)
FNF:22
FNH:0
FNDA:0,(anonymous_0)
FNDA:0,(anonymous_1)
FNDA:0,(anonymous_2)
FNDA:0,(anonymous_3)
FNDA:0,(anonymous_4)
FNDA:0,(anonymous_5)
FNDA:0,(anonymous_6)
FNDA:0,(anonymous_7)
FNDA:0,(anonymous_8)
FNDA:0,(anonymous_9)
FNDA:0,(anonymous_10)
FNDA:0,(anonymous_11)
FNDA:0,(anonymous_12)
FNDA:0,(anonymous_13)
FNDA:0,(anonymous_14)
FNDA:0,(anonymous_15)
FNDA:0,(anonymous_16)
FNDA:0,(anonymous_17)
FNDA:0,(anonymous_18)
FNDA:0,(anonymous_19)
FNDA:0,(anonymous_20)
FNDA:0,(anonymous_21)
DA:9,0
DA:12,0
DA:13,0
DA:17,0
DA:21,0
DA:22,0
DA:24,0
DA:25,0
DA:28,0
DA:29,0
DA:30,0
DA:32,0
DA:33,0
DA:34,0
DA:35,0
DA:38,0
DA:39,0
DA:51,0
DA:52,0
DA:54,0
DA:55,0
DA:58,0
DA:59,0
DA:62,0
DA:65,0
DA:75,0
DA:76,0
DA:79,0
DA:80,0
DA:81,0
DA:84,0
DA:85,0
DA:88,0
DA:89,0
DA:91,0
DA:102,0
DA:105,0
DA:106,0
DA:107,0
DA:110,0
DA:111,0
DA:112,0
DA:115,0
DA:116,0
DA:119,0
DA:121,0
DA:122,0
DA:129,0
DA:140,0
DA:141,0
DA:144,0
DA:145,0
DA:146,0
DA:147,0
DA:150,0
DA:151,0
DA:162,0
DA:164,0
DA:165,0
DA:175,0
DA:186,0
DA:187,0
DA:190,0
DA:191,0
DA:192,0
DA:193,0
DA:196,0
DA:197,0
DA:209,0
DA:211,0
DA:212,0
DA:215,0
DA:226,0
DA:227,0
DA:230,0
DA:231,0
DA:232,0
DA:235,0
DA:237,0
DA:238,0
DA:244,0
DA:251,0
DA:262,0
DA:263,0
DA:268,0
DA:271,0
DA:272,0
DA:273,0
DA:276,0
DA:278,0
DA:279,0
DA:286,0
DA:297,0
DA:300,0
DA:301,0
DA:304,0
DA:305,0
DA:308,0
DA:309,0
DA:310,0
LF:100
LH:0
BRDA:14,0,0,0
BRDA:14,0,1,0
BRDA:16,1,0,0
BRDA:16,1,1,0
BRF:4
BRH:0
end_of_record
TN:
SF:services/BlacklistChecker.ts
FN:69,(anonymous_0)
FN:80,(anonymous_1)
FN:118,(anonymous_2)
FN:127,(anonymous_3)
FN:129,(anonymous_4)
FN:137,(anonymous_5)
FN:143,(anonymous_6)
FN:145,(anonymous_7)
FN:152,(anonymous_8)
FN:153,(anonymous_9)
FN:164,(anonymous_10)
FN:171,(anonymous_11)
FN:198,(anonymous_12)
FN:212,(anonymous_13)
FN:219,(anonymous_14)
FN:282,(anonymous_15)
FN:323,(anonymous_16)
FN:376,(anonymous_17)
FN:417,(anonymous_18)
FN:433,(anonymous_19)
FN:449,(anonymous_20)
FN:463,(anonymous_21)
FN:485,(anonymous_22)
FN:489,(anonymous_23)
FN:496,(anonymous_24)
FN:498,(anonymous_25)
FN:515,(anonymous_26)
FN:519,(anonymous_27)
FN:520,(anonymous_28)
FN:538,(anonymous_29)
FN:542,(anonymous_30)
FN:544,(anonymous_31)
FN:545,(anonymous_32)
FNF:33
FNH:33
FNDA:28,(anonymous_0)
FNDA:1,(anonymous_1)
FNDA:28,(anonymous_2)
FNDA:83,(anonymous_3)
FNDA:83,(anonymous_4)
FNDA:84,(anonymous_5)
FNDA:2,(anonymous_6)
FNDA:6,(anonymous_7)
FNDA:3,(anonymous_8)
FNDA:7,(anonymous_9)
FNDA:9,(anonymous_10)
FNDA:4,(anonymous_11)
FNDA:3,(anonymous_12)
FNDA:1,(anonymous_13)
FNDA:2,(anonymous_14)
FNDA:2,(anonymous_15)
FNDA:1,(anonymous_16)
FNDA:1,(anonymous_17)
FNDA:6,(anonymous_18)
FNDA:5,(anonymous_19)
FNDA:4,(anonymous_20)
FNDA:9,(anonymous_21)
FNDA:3,(anonymous_22)
FNDA:8,(anonymous_23)
FNDA:4,(anonymous_24)
FNDA:1,(anonymous_25)
FNDA:3,(anonymous_26)
FNDA:4,(anonymous_27)
FNDA:3,(anonymous_28)
FNDA:2,(anonymous_29)
FNDA:4,(anonymous_30)
FNDA:3,(anonymous_31)
FNDA:1,(anonymous_32)
DA:9,1
DA:61,1
DA:62,28
DA:63,28
DA:64,28
DA:70,28
DA:71,27
DA:73,1
DA:81,1
DA:119,28
DA:120,81
DA:129,83
DA:130,83
DA:131,1
DA:133,82
DA:137,84
DA:144,2
DA:145,6
DA:146,2
DA:153,7
DA:154,3
DA:155,2
DA:156,2
DA:158,1
DA:165,9
DA:175,4
DA:176,4
DA:179,4
DA:180,2
DA:184,2
DA:185,2
DA:187,1
DA:188,1
DA:192,1
DA:202,3
DA:203,3
DA:213,1
DA:225,2
DA:226,1
DA:237,1
DA:238,1
DA:239,0
DA:242,1
DA:246,1
DA:248,1
DA:249,0
DA:251,0
DA:252,0
DA:254,0
DA:255,0
DA:257,0
DA:261,0
DA:262,0
DA:264,1
DA:267,1
DA:287,2
DA:288,0
DA:291,2
DA:292,2
DA:294,2
DA:302,1
DA:303,0
DA:306,1
DA:308,1
DA:328,1
DA:329,0
DA:332,1
DA:333,1
DA:335,1
DA:350,1
DA:351,0
DA:354,1
DA:355,1
DA:357,1
DA:358,0
DA:361,1
DA:381,1
DA:382,0
DA:385,1
DA:386,1
DA:388,1
DA:396,1
DA:397,0
DA:400,1
DA:402,1
DA:418,6
DA:420,3
DA:422,1
DA:424,1
DA:426,1
DA:434,5
DA:436,2
DA:438,1
DA:440,1
DA:442,1
DA:450,4
DA:452,2
DA:454,1
DA:456,1
DA:464,9
DA:465,3
DA:469,6
DA:471,2
DA:473,1
DA:475,1
DA:478,2
DA:489,8
DA:491,3
DA:492,1
DA:496,2
DA:497,4
DA:499,1
DA:500,1
DA:512,2
DA:515,3
DA:518,2
DA:519,4
DA:520,3
DA:522,2
DA:526,2
DA:542,2
DA:543,4
DA:544,3
DA:546,1
DA:547,1
DA:564,2
DA:565,2
DA:569,1
LF:128
LH:112
BRDA:70,0,0,27
BRDA:70,0,1,1
BRDA:130,1,0,1
BRDA:130,1,1,82
BRDA:154,2,0,2
BRDA:179,3,0,2
BRDA:185,4,0,1
BRDA:225,5,0,1
BRDA:238,6,0,0
BRDA:246,7,0,1
BRDA:246,7,1,0
BRDA:246,7,2,0
BRDA:246,7,3,0
BRDA:273,8,0,1
BRDA:273,8,1,0
BRDA:287,9,0,0
BRDA:302,10,0,0
BRDA:313,11,0,1
BRDA:313,11,1,0
BRDA:328,12,0,0
BRDA:350,13,0,0
BRDA:355,14,0,0
BRDA:355,14,1,1
BRDA:355,15,0,1
BRDA:355,15,1,1
BRDA:357,16,0,0
BRDA:366,17,0,1
BRDA:366,17,1,0
BRDA:367,18,0,1
BRDA:367,18,1,0
BRDA:381,19,0,0
BRDA:396,20,0,0
BRDA:407,21,0,1
BRDA:407,21,1,0
BRDA:407,22,0,0
BRDA:407,22,1,1
BRDA:407,23,0,1
BRDA:407,23,1,1
BRDA:407,24,0,0
BRDA:407,24,1,1
BRDA:407,25,0,1
BRDA:407,25,1,1
BRDA:408,26,0,1
BRDA:408,26,1,0
BRDA:418,27,0,3
BRDA:418,27,1,1
BRDA:418,27,2,1
BRDA:418,27,3,1
BRDA:434,28,0,2
BRDA:434,28,1,1
BRDA:434,28,2,1
BRDA:434,28,3,1
BRDA:450,29,0,2
BRDA:450,29,1,1
BRDA:450,29,2,1
BRDA:464,30,0,3
BRDA:469,31,0,2
BRDA:469,31,1,1
BRDA:469,31,2,1
BRDA:469,31,3,1
BRDA:469,31,4,2
BRDA:469,32,0,0
BRDA:469,32,1,6
BRDA:469,33,0,6
BRDA:469,33,1,6
BRDA:491,34,0,1
BRDA:506,35,0,1
BRDA:506,35,1,0
BRDA:522,36,0,2
BRDA:522,36,1,0
BRDA:556,37,0,1
BRDA:556,37,1,0
BRF:72
BRH:48
end_of_record
TN:
SF:services/TransactionHistoryProcessor.test.js
FN:9,(anonymous_0)
FN:51,(anonymous_1)
FN:65,(anonymous_2)
FN:70,(anonymous_3)
FN:81,(anonymous_4)
FN:94,(anonymous_5)
FN:147,(anonymous_6)
FN:158,(anonymous_7)
FN:159,(anonymous_8)
FN:160,(anonymous_9)
FN:163,(anonymous_10)
FNF:11
FNH:0
FNDA:0,(anonymous_0)
FNDA:0,(anonymous_1)
FNDA:0,(anonymous_2)
FNDA:0,(anonymous_3)
FNDA:0,(anonymous_4)
FNDA:0,(anonymous_5)
FNDA:0,(anonymous_6)
FNDA:0,(anonymous_7)
FNDA:0,(anonymous_8)
FNDA:0,(anonymous_9)
FNDA:0,(anonymous_10)
DA:9,0
DA:14,0
DA:37,0
DA:51,0
DA:53,0
DA:58,0
DA:64,0
DA:66,0
DA:67,0
DA:68,0
DA:71,0
DA:72,0
DA:73,0
DA:78,0
DA:81,0
DA:82,0
DA:83,0
DA:85,0
DA:87,0
DA:88,0
DA:89,0
DA:90,0
DA:91,0
DA:94,0
DA:95,0
DA:137,0
DA:139,0
DA:140,0
DA:141,0
DA:142,0
DA:143,0
DA:144,0
DA:147,0
DA:148,0
DA:149,0
DA:154,0
DA:157,0
DA:158,0
DA:159,0
DA:160,0
DA:163,0
DA:164,0
DA:166,0
DA:168,0
DA:169,0
DA:170,0
LF:46
LH:0
BRDA:66,0,0,0
BRDA:66,0,1,0
BRDA:67,1,0,0
BRDA:67,1,1,0
BRDA:71,2,0,0
BRDA:71,2,1,0
BRDA:72,3,0,0
BRDA:72,3,1,0
BRF:8
BRH:0
end_of_record
TN:
SF:services/TransactionHistoryProcessor.ts
FN:77,(anonymous_0)
FN:89,(anonymous_1)
FN:128,(anonymous_2)
FN:137,(anonymous_3)
FN:139,(anonymous_4)
FN:148,(anonymous_5)
FN:163,(anonymous_6)
FN:172,(anonymous_7)
FN:188,(anonymous_8)
FN:198,(anonymous_9)
FN:207,(anonymous_10)
FN:230,(anonymous_11)
FN:243,(anonymous_12)
FN:297,(anonymous_13)
FN:323,(anonymous_14)
FNF:15
FNH:15
FNDA:17,(anonymous_0)
FNDA:9,(anonymous_1)
FNDA:3,(anonymous_2)
FNDA:5,(anonymous_3)
FNDA:1,(anonymous_4)
FNDA:1,(anonymous_5)
FNDA:11,(anonymous_6)
FNDA:25,(anonymous_7)
FNDA:3,(anonymous_8)
FNDA:3,(anonymous_9)
FNDA:16,(anonymous_10)
FNDA:1,(anonymous_11)
FNDA:4,(anonymous_12)
FNDA:4,(anonymous_13)
FNDA:1,(anonymous_14)
DA:9,1
DA:15,1
DA:71,1
DA:78,17
DA:94,9
DA:95,9
DA:96,1
DA:99,8
DA:100,8
DA:101,1
DA:105,7
DA:114,7
DA:117,6
DA:134,3
DA:137,3
DA:138,5
DA:140,1
DA:141,1
DA:145,3
DA:148,3
DA:150,3
DA:171,11
DA:174,25
DA:175,24
DA:176,23
DA:179,21
DA:180,21
DA:182,21
DA:183,21
DA:186,19
DA:187,3
DA:188,3
DA:189,3
DA:191,2
DA:196,17
DA:197,3
DA:198,3
DA:199,3
DA:201,1
DA:205,16
DA:207,16
DA:234,1
DA:244,4
DA:245,1
DA:262,3
DA:265,3
DA:266,3
DA:267,3
DA:268,3
DA:271,3
DA:273,4
DA:274,4
DA:277,4
DA:278,4
DA:285,4
DA:286,4
DA:287,2
DA:288,2
DA:290,4
DA:293,4
DA:297,3
DA:298,4
DA:299,4
DA:300,2
DA:304,3
DA:331,1
DA:334,1
DA:336,1
DA:343,1
LF:69
LH:69
BRDA:78,0,0,17
BRDA:78,0,1,17
BRDA:95,1,0,1
BRDA:100,2,0,1
BRDA:106,3,0,5
BRDA:106,3,1,2
BRDA:106,4,0,7
BRDA:106,4,1,7
BRDA:107,5,0,5
BRDA:107,5,1,2
BRDA:107,6,0,7
BRDA:107,6,1,7
BRDA:108,7,0,5
BRDA:108,7,1,2
BRDA:108,8,0,7
BRDA:108,8,1,7
BRDA:109,9,0,5
BRDA:109,9,1,2
BRDA:109,10,0,7
BRDA:109,10,1,7
BRDA:110,11,0,5
BRDA:110,11,1,2
BRDA:110,12,0,7
BRDA:110,12,1,7
BRDA:134,13,0,3
BRDA:134,13,1,2
BRDA:174,14,0,1
BRDA:174,15,0,25
BRDA:174,15,1,6
BRDA:174,16,0,6
BRDA:174,16,1,19
BRDA:174,17,0,25
BRDA:174,17,1,25
BRDA:175,18,0,1
BRDA:175,19,0,24
BRDA:175,19,1,5
BRDA:175,20,0,6
BRDA:175,20,1,18
BRDA:175,21,0,24
BRDA:175,21,1,24
BRDA:176,22,0,2
BRDA:176,23,0,23
BRDA:176,23,1,3
BRDA:176,24,0,6
BRDA:176,24,1,17
BRDA:176,25,0,23
BRDA:176,25,1,23
BRDA:182,26,0,0
BRDA:182,27,0,21
BRDA:182,27,1,0
BRDA:182,28,0,6
BRDA:182,28,1,15
BRDA:182,29,0,21
BRDA:182,29,1,21
BRDA:183,30,0,2
BRDA:183,31,0,21
BRDA:183,31,1,3
BRDA:183,32,0,6
BRDA:183,32,1,15
BRDA:183,33,0,21
BRDA:183,33,1,21
BRDA:186,34,0,3
BRDA:186,35,0,16
BRDA:186,35,1,3
BRDA:186,36,0,19
BRDA:186,36,1,19
BRDA:186,37,0,6
BRDA:186,37,1,13
BRDA:186,38,0,19
BRDA:186,38,1,19
BRDA:187,39,0,1
BRDA:187,39,1,2
BRDA:188,40,0,2
BRDA:196,41,0,3
BRDA:196,42,0,14
BRDA:196,42,1,3
BRDA:196,43,0,17
BRDA:196,43,1,17
BRDA:196,44,0,6
BRDA:196,44,1,11
BRDA:196,45,0,17
BRDA:196,45,1,17
BRDA:197,46,0,1
BRDA:197,46,1,2
BRDA:198,47,0,1
BRDA:244,48,0,1
BRDA:277,49,0,4
BRDA:286,50,0,2
BRDA:287,51,0,2
BRDA:287,51,1,2
BRDA:299,52,0,2
BRDA:306,53,0,1
BRDA:306,53,1,2
BRDA:309,54,0,0
BRDA:309,54,1,3
BRF:95
BRH:92
end_of_record
TN:
SF:services/VerificationResultFormatter.test.js
FN:8,(anonymous_0)
FN:11,(anonymous_1)
FN:14,(anonymous_2)
FN:17,(anonymous_3)
FN:21,(anonymous_4)
FN:58,(anonymous_5)
FN:106,(anonymous_6)
FN:140,(anonymous_7)
FN:168,(anonymous_8)
FN:203,(anonymous_9)
FN:241,(anonymous_10)
FNF:11
FNH:0
FNDA:0,(anonymous_0)
FNDA:0,(anonymous_1)
FNDA:0,(anonymous_2)
FNDA:0,(anonymous_3)
FNDA:0,(anonymous_4)
FNDA:0,(anonymous_5)
FNDA:0,(anonymous_6)
FNDA:0,(anonymous_7)
FNDA:0,(anonymous_8)
FNDA:0,(anonymous_9)
FNDA:0,(anonymous_10)
DA:8,0
DA:11,0
DA:12,0
DA:14,0
DA:17,0
DA:18,0
DA:21,0
DA:22,0
DA:36,0
DA:54,0
DA:55,0
DA:58,0
DA:59,0
DA:77,0
DA:102,0
DA:103,0
DA:106,0
DA:107,0
DA:119,0
DA:140,0
DA:141,0
DA:152,0
DA:168,0
DA:169,0
DA:184,0
DA:186,0
DA:203,0
DA:204,0
DA:219,0
DA:221,0
DA:241,0
DA:242,0
DA:257,0
DA:259,0
LF:34
LH:0
BRF:0
BRH:0
end_of_record
TN:
SF:services/VerificationResultFormatter.ts
FN:68,(anonymous_0)
FN:80,(anonymous_1)
FN:113,(anonymous_2)
FN:153,(anonymous_3)
FN:188,(anonymous_4)
FN:214,(anonymous_5)
FN:216,(anonymous_6)
FN:221,(anonymous_7)
FN:228,(anonymous_8)
FN:256,(anonymous_9)
FN:277,(anonymous_10)
FNF:11
FNH:11
FNDA:16,(anonymous_0)
FNDA:4,(anonymous_1)
FNDA:4,(anonymous_2)
FNDA:2,(anonymous_3)
FNDA:2,(anonymous_4)
FNDA:11,(anonymous_5)
FNDA:12,(anonymous_6)
FNDA:11,(anonymous_7)
FNDA:11,(anonymous_8)
FNDA:7,(anonymous_9)
FNDA:4,(anonymous_10)
DA:68,1
DA:69,16
DA:86,4
DA:87,4
DA:122,4
DA:123,4
DA:160,2
DA:161,2
DA:193,2
DA:194,2
DA:216,11
DA:217,12
DA:221,11
DA:222,11
DA:223,4
DA:224,1
DA:228,11
DA:229,11
DA:230,5
DA:231,2
DA:232,1
DA:233,1
DA:234,1
DA:235,1
DA:240,11
DA:257,7
DA:258,1
DA:260,7
DA:289,4
DA:291,4
DA:293,2
DA:314,2
DA:340,1
LF:33
LH:33
BRDA:83,0,0,1
BRDA:117,1,0,1
BRDA:118,2,0,1
BRDA:119,3,0,1
BRDA:157,4,0,1
BRDA:158,5,0,1
BRDA:190,6,0,1
BRDA:191,7,0,1
BRDA:222,8,0,7
BRDA:223,9,0,3
BRDA:229,10,0,5
BRDA:229,10,1,2
BRDA:229,10,2,1
BRDA:229,10,3,1
BRDA:229,10,4,1
BRDA:229,10,5,1
BRDA:245,11,0,1
BRDA:245,11,1,10
BRDA:251,12,0,11
BRDA:251,12,1,9
BRDA:251,13,0,9
BRDA:251,13,1,2
BRDA:251,14,0,11
BRDA:251,14,1,11
BRDA:251,15,0,9
BRDA:251,15,1,0
BRDA:251,16,0,9
BRDA:251,16,1,9
BRDA:257,17,0,1
BRDA:258,18,0,1
BRDA:258,18,1,0
BRDA:258,19,0,0
BRDA:258,19,1,1
BRDA:258,20,0,1
BRDA:258,20,1,1
BRDA:265,21,0,10
BRDA:265,21,1,1
BRDA:265,22,0,11
BRDA:265,22,1,11
BRDA:266,23,0,10
BRDA:266,23,1,1
BRDA:266,24,0,11
BRDA:266,24,1,11
BRDA:267,25,0,10
BRDA:267,25,1,1
BRDA:267,26,0,11
BRDA:267,26,1,11
BRDA:281,27,0,0
BRDA:291,28,0,2
BRDA:291,28,1,2
BRDA:296,29,0,0
BRDA:296,29,1,2
BRDA:296,30,0,2
BRDA:296,30,1,2
BRDA:297,31,0,0
BRDA:297,31,1,2
BRDA:297,32,0,2
BRDA:297,32,1,2
BRDA:298,33,0,0
BRDA:298,33,1,2
BRDA:298,34,0,2
BRDA:298,34,1,2
BRDA:299,35,0,0
BRDA:299,35,1,2
BRDA:299,36,0,2
BRDA:299,36,1,2
BRDA:303,37,0,0
BRDA:303,37,1,2
BRDA:303,38,0,2
BRDA:303,38,1,2
BRDA:304,39,0,2
BRDA:304,39,1,0
BRDA:304,40,0,0
BRDA:304,40,1,2
BRDA:304,41,0,2
BRDA:304,41,1,2
BRDA:305,42,0,1
BRDA:305,42,1,1
BRDA:316,43,0,2
BRDA:316,43,1,1
BRDA:316,43,2,0
BRDA:316,44,0,1
BRDA:316,44,1,1
BRDA:316,45,0,2
BRDA:316,45,1,2
BRDA:317,46,0,2
BRDA:317,46,1,1
BRDA:317,46,2,0
BRDA:317,47,0,0
BRDA:317,47,1,1
BRDA:317,48,0,1
BRDA:317,48,1,1
BRDA:319,49,0,1
BRDA:319,49,1,1
BRDA:319,50,0,2
BRDA:319,50,1,2
BRDA:320,51,0,1
BRDA:320,51,1,1
BRDA:320,52,0,2
BRDA:320,52,1,2
BRDA:321,53,0,1
BRDA:321,53,1,1
BRDA:321,54,0,2
BRDA:321,54,1,2
BRDA:322,55,0,1
BRDA:322,55,1,1
BRDA:322,56,0,2
BRDA:322,56,1,2
BRDA:325,57,0,2
BRDA:325,57,1,1
BRDA:325,58,0,1
BRDA:325,58,1,1
BRDA:325,59,0,2
BRDA:325,59,1,2
BRDA:327,60,0,1
BRDA:327,60,1,1
BRDA:327,61,0,2
BRDA:327,61,1,2
BRDA:328,62,0,0
BRDA:328,62,1,2
BRDA:328,63,0,1
BRDA:328,63,1,1
BRDA:328,64,0,2
BRDA:328,64,1,2
BRDA:329,65,0,0
BRDA:329,65,1,0
BRF:126
BRH:109
end_of_record
TN:
SF:services/index.ts
FNF:0
FNH:0
DA:8,0
DA:9,0
DA:10,0
DA:13,0
DA:14,0
DA:15,0
DA:17,0
LF:7
LH:0
BRF:0
BRH:0
end_of_record
TN:
SF:services/__tests__/helpers/date-mock.ts
FN:5,mockDateNow
FN:6,(anonymous_1)
FN:10,restoreDateNow
FNF:3
FNH:3
FNDA:16,mockDateNow
FNDA:12,(anonymous_1)
FNDA:16,restoreDateNow
DA:5,1
DA:6,16
DA:7,16
DA:10,1
DA:11,16
LF:5
LH:5
BRF:0
BRH:0
end_of_record
