TN:
SF:src/connection.js
FN:97,(anonymous_0)
FN:102,(anonymous_1)
FN:124,(anonymous_2)
FN:139,(anonymous_3)
FN:163,(anonymous_4)
FN:183,(anonymous_5)
FN:197,(anonymous_6)
FN:208,(anonymous_7)
FN:220,(anonymous_8)
FN:225,(anonymous_9)
FNF:10
FNH:6
FNDA:0,(anonymous_0)
FNDA:1,(anonymous_1)
FNDA:8,(anonymous_2)
FNDA:6,(anonymous_3)
FNDA:2,(anonymous_4)
FNDA:1,(anonymous_5)
FNDA:1,(anonymous_6)
FNDA:0,(anonymous_7)
FNDA:0,(anonymous_8)
FNDA:0,(anonymous_9)
DA:7,1
DA:8,1
DA:9,1
DA:10,1
DA:11,1
DA:14,1
DA:15,1
DA:18,1
DA:22,1
DA:23,1
DA:27,1
DA:28,1
DA:30,0
DA:34,1
DA:35,0
DA:39,1
DA:40,0
DA:41,0
DA:45,1
DA:54,1
DA:55,1
DA:58,1
DA:61,1
DA:62,1
DA:63,1
DA:64,1
DA:66,0
DA:70,1
DA:71,1
DA:74,1
DA:75,1
DA:76,1
DA:77,1
DA:78,1
DA:81,1
DA:97,1
DA:98,0
DA:102,1
DA:103,1
DA:104,0
DA:109,1
DA:124,1
DA:125,8
DA:128,8
DA:130,8
DA:139,1
DA:140,6
DA:142,6
DA:144,6
DA:145,6
DA:146,5
DA:148,5
DA:149,0
DA:152,5
DA:154,6
DA:163,1
DA:164,2
DA:166,2
DA:167,2
DA:168,2
DA:169,1
DA:170,1
DA:172,1
DA:173,1
DA:175,2
DA:183,1
DA:184,1
DA:185,1
DA:186,1
DA:188,0
DA:189,0
DA:197,1
DA:208,1
DA:209,0
DA:210,0
DA:211,0
DA:212,0
DA:214,0
DA:215,0
DA:220,1
DA:221,0
DA:222,0
DA:225,1
DA:226,0
DA:227,0
DA:230,1
LF:86
LH:66
BRDA:18,0,0,1
BRDA:18,0,1,0
BRDA:27,1,0,1
BRDA:27,1,1,0
BRDA:28,2,0,1
BRDA:28,2,1,0
BRDA:30,3,0,0
BRDA:30,3,1,0
BRDA:34,4,0,0
BRDA:34,4,1,1
BRDA:34,5,0,1
BRDA:34,5,1,0
BRDA:39,6,0,0
BRDA:39,6,1,1
BRDA:41,7,0,0
BRDA:41,7,1,0
BRDA:48,8,0,1
BRDA:48,8,1,0
BRDA:49,9,0,1
BRDA:49,9,1,0
BRDA:50,10,0,1
BRDA:50,10,1,0
BRDA:74,11,0,1
BRDA:74,11,1,0
BRDA:75,12,0,1
BRDA:75,12,1,0
BRDA:76,13,0,1
BRDA:76,13,1,0
BRDA:77,14,0,1
BRDA:77,14,1,0
BRDA:78,15,0,1
BRDA:78,15,1,0
BRDA:103,16,0,0
BRDA:103,16,1,1
BRDA:103,17,0,1
BRDA:103,17,1,1
BRDA:115,18,0,0
BRDA:115,18,1,1
BRDA:148,19,0,0
BRDA:148,19,1,5
BRDA:148,20,0,5
BRDA:148,20,1,0
BRDA:148,20,2,0
BRF:43
BRH:20
end_of_record
TN:
SF:src/index.js
FN:43,(anonymous_0)
FN:53,(anonymous_1)
FN:70,(anonymous_2)
FN:79,(anonymous_3)
FNF:4
FNH:0
FNDA:0,(anonymous_0)
FNDA:0,(anonymous_1)
FNDA:0,(anonymous_2)
FNDA:0,(anonymous_3)
DA:16,0
DA:21,0
DA:37,0
DA:44,0
DA:45,0
DA:53,0
DA:63,0
DA:71,0
DA:80,0
DA:84,0
LF:10
LH:0
BRDA:44,0,0,0
BRDA:44,0,1,0
BRDA:55,1,0,0
BRDA:55,1,1,0
BRDA:70,2,0,0
BRF:5
BRH:0
end_of_record
