TN:
SF:src/connection.js
FN:98,(anonymous_0)
FN:103,(anonymous_1)
FN:125,(anonymous_2)
FN:140,(anonymous_3)
FN:164,(anonymous_4)
FN:184,(anonymous_5)
FN:198,(anonymous_6)
FN:209,(anonymous_7)
FN:221,(anonymous_8)
FN:226,(anonymous_9)
FNF:10
FNH:6
FNDA:0,(anonymous_0)
FNDA:1,(anonymous_1)
FNDA:8,(anonymous_2)
FNDA:6,(anonymous_3)
FNDA:2,(anonymous_4)
FNDA:1,(anonymous_5)
FNDA:1,(anonymous_6)
FNDA:0,(anonymous_7)
FNDA:0,(anonymous_8)
FNDA:0,(anonymous_9)
DA:7,1
DA:8,1
DA:9,1
DA:10,1
DA:11,1
DA:14,1
DA:15,1
DA:18,1
DA:22,1
DA:23,1
DA:27,1
DA:28,1
DA:30,0
DA:34,1
DA:35,0
DA:39,1
DA:40,0
DA:41,0
DA:45,1
DA:55,1
DA:56,1
DA:59,1
DA:62,1
DA:63,1
DA:64,1
DA:65,1
DA:67,0
DA:71,1
DA:72,1
DA:75,1
DA:76,1
DA:77,1
DA:78,1
DA:79,1
DA:82,1
DA:98,1
DA:99,0
DA:103,1
DA:104,1
DA:105,0
DA:110,1
DA:125,1
DA:126,8
DA:129,8
DA:131,8
DA:140,1
DA:141,6
DA:143,6
DA:145,6
DA:146,6
DA:147,5
DA:149,5
DA:150,0
DA:153,5
DA:155,6
DA:164,1
DA:165,2
DA:167,2
DA:168,2
DA:169,2
DA:170,1
DA:171,1
DA:173,1
DA:174,1
DA:176,2
DA:184,1
DA:185,1
DA:186,1
DA:187,1
DA:189,0
DA:190,0
DA:198,1
DA:209,1
DA:210,0
DA:211,0
DA:212,0
DA:213,0
DA:215,0
DA:216,0
DA:221,1
DA:222,0
DA:223,0
DA:226,1
DA:227,0
DA:228,0
DA:231,1
LF:86
LH:66
BRDA:18,0,0,1
BRDA:18,0,1,0
BRDA:27,1,0,1
BRDA:27,1,1,0
BRDA:28,2,0,1
BRDA:28,2,1,0
BRDA:30,3,0,0
BRDA:30,3,1,0
BRDA:34,4,0,0
BRDA:34,4,1,1
BRDA:34,5,0,1
BRDA:34,5,1,0
BRDA:39,6,0,0
BRDA:39,6,1,1
BRDA:41,7,0,0
BRDA:41,7,1,0
BRDA:48,8,0,1
BRDA:48,8,1,0
BRDA:49,9,0,1
BRDA:49,9,1,0
BRDA:50,10,0,1
BRDA:50,10,1,0
BRDA:75,11,0,1
BRDA:75,11,1,0
BRDA:76,12,0,1
BRDA:76,12,1,0
BRDA:77,13,0,1
BRDA:77,13,1,0
BRDA:78,14,0,1
BRDA:78,14,1,0
BRDA:79,15,0,1
BRDA:79,15,1,0
BRDA:104,16,0,0
BRDA:104,16,1,1
BRDA:104,17,0,1
BRDA:104,17,1,1
BRDA:116,18,0,0
BRDA:116,18,1,1
BRDA:149,19,0,0
BRDA:149,19,1,5
BRDA:149,20,0,5
BRDA:149,20,1,0
BRDA:149,20,2,0
BRF:43
BRH:20
end_of_record
TN:
SF:src/index.js
FN:43,(anonymous_0)
FN:53,(anonymous_1)
FN:70,(anonymous_2)
FN:79,(anonymous_3)
FNF:4
FNH:0
FNDA:0,(anonymous_0)
FNDA:0,(anonymous_1)
FNDA:0,(anonymous_2)
FNDA:0,(anonymous_3)
DA:16,0
DA:21,0
DA:37,0
DA:44,0
DA:45,0
DA:53,0
DA:63,0
DA:71,0
DA:80,0
DA:84,0
LF:10
LH:0
BRDA:44,0,0,0
BRDA:44,0,1,0
BRDA:55,1,0,0
BRDA:55,1,1,0
BRDA:70,2,0,0
BRF:5
BRH:0
end_of_record
