TN:
SF:src/middleware/errorHandler.ts
FN:17,ApiError
FN:29,errorHandler
FN:100,notFoundHandler
FNF:3
FNH:1
FNDA:19,ApiError
FNDA:0,errorHandler
FNDA:0,notFoundHandler
DA:1,1
DA:2,1
DA:3,1
DA:4,1
DA:5,1
DA:6,1
DA:7,1
DA:8,1
DA:9,1
DA:10,1
DA:11,1
DA:12,1
DA:13,1
DA:14,1
DA:15,1
DA:16,1
DA:17,1
DA:18,19
DA:19,19
DA:20,19
DA:21,19
DA:22,19
DA:23,19
DA:24,1
DA:25,1
DA:26,1
DA:27,1
DA:28,1
DA:29,1
DA:30,0
DA:31,0
DA:32,0
DA:33,0
DA:34,0
DA:35,0
DA:36,0
DA:37,0
DA:38,0
DA:39,0
DA:40,0
DA:41,0
DA:42,0
DA:43,0
DA:44,0
DA:45,0
DA:46,0
DA:47,0
DA:48,0
DA:49,0
DA:50,0
DA:51,0
DA:52,0
DA:53,0
DA:54,0
DA:55,0
DA:56,0
DA:57,0
DA:58,0
DA:59,0
DA:60,0
DA:61,0
DA:62,0
DA:63,0
DA:64,0
DA:65,0
DA:66,0
DA:67,0
DA:68,0
DA:69,0
DA:70,0
DA:71,0
DA:72,0
DA:73,0
DA:74,0
DA:75,0
DA:76,0
DA:77,0
DA:78,0
DA:79,0
DA:80,0
DA:81,0
DA:82,0
DA:83,0
DA:84,0
DA:85,0
DA:86,0
DA:87,0
DA:88,0
DA:89,0
DA:90,0
DA:91,0
DA:92,0
DA:93,0
DA:94,0
DA:95,0
DA:96,1
DA:97,1
DA:98,1
DA:99,1
DA:100,1
DA:101,0
DA:102,0
DA:103,0
DA:104,0
DA:105,0
DA:106,0
DA:107,0
DA:108,0
LF:108
LH:34
BRDA:17,0,0,19
BRF:1
BRH:1
end_of_record
TN:
SF:src/services/zkProofService.ts
FN:34,getCircuitPaths
FN:73,validateInput
FN:131,generateProof
FN:187,verifyProof
FNF:4
FNH:4
FNDA:10,getCircuitPaths
FNDA:17,validateInput
FNDA:4,generateProof
FNDA:4,verifyProof
DA:1,1
DA:2,1
DA:3,1
DA:4,1
DA:5,1
DA:6,1
DA:7,1
DA:8,1
DA:9,1
DA:10,1
DA:11,1
DA:12,1
DA:13,1
DA:14,1
DA:15,1
DA:16,1
DA:17,1
DA:18,1
DA:19,1
DA:20,0
DA:21,0
DA:22,1
DA:23,1
DA:24,1
DA:25,1
DA:26,1
DA:27,1
DA:28,1
DA:29,1
DA:30,1
DA:31,1
DA:32,1
DA:33,1
DA:34,1
DA:35,10
DA:36,10
DA:37,10
DA:38,1
DA:39,1
DA:40,9
DA:41,9
DA:42,9
DA:43,10
DA:44,0
DA:45,0
DA:46,9
DA:47,9
DA:48,9
DA:49,9
DA:50,9
DA:51,9
DA:52,9
DA:53,10
DA:54,1
DA:55,1
DA:56,10
DA:57,1
DA:58,1
DA:59,10
DA:60,1
DA:61,1
DA:62,6
DA:63,6
DA:64,6
DA:65,1
DA:66,1
DA:67,1
DA:68,1
DA:69,1
DA:70,1
DA:71,1
DA:72,1
DA:73,1
DA:74,17
DA:75,17
DA:76,17
DA:77,17
DA:78,1
DA:79,1
DA:80,16
DA:81,16
DA:82,17
DA:83,1
DA:84,1
DA:85,15
DA:86,15
DA:87,15
DA:88,17
DA:89,7
DA:90,2
DA:91,2
DA:92,7
DA:93,1
DA:94,1
DA:95,4
DA:96,17
DA:97,17
DA:98,4
DA:99,1
DA:100,1
DA:101,4
DA:102,1
DA:103,1
DA:104,4
DA:105,1
DA:106,1
DA:107,1
DA:108,17
DA:109,17
DA:110,4
DA:111,1
DA:112,1
DA:113,4
DA:114,1
DA:115,1
DA:116,4
DA:117,1
DA:118,1
DA:119,1
DA:120,17
DA:121,17
DA:122,1
DA:123,1
DA:124,1
DA:125,1
DA:126,1
DA:127,1
DA:128,1
DA:129,1
DA:130,1
DA:131,1
DA:132,4
DA:133,4
DA:134,4
DA:135,0
DA:136,0
DA:137,4
DA:138,4
DA:139,4
DA:140,4
DA:141,4
DA:142,4
DA:143,4
DA:144,4
DA:145,4
DA:146,4
DA:147,4
DA:148,4
DA:149,4
DA:150,4
DA:151,4
DA:152,1
DA:153,1
DA:154,1
DA:155,1
DA:156,1
DA:157,4
DA:158,3
DA:159,3
DA:160,3
DA:161,3
DA:162,3
DA:163,3
DA:164,3
DA:165,3
DA:166,3
DA:167,1
DA:168,1
DA:169,2
DA:170,2
DA:171,2
DA:172,2
DA:173,3
DA:174,3
DA:175,3
DA:176,4
DA:177,1
DA:178,1
DA:179,1
DA:180,1
DA:181,1
DA:182,1
DA:183,1
DA:184,1
DA:185,1
DA:186,1
DA:187,1
DA:188,4
DA:189,4
DA:190,4
DA:191,0
DA:192,0
DA:193,4
DA:194,4
DA:195,4
DA:196,4
DA:197,4
DA:198,4
DA:199,4
DA:200,4
DA:201,4
DA:202,4
DA:203,4
DA:204,4
DA:205,4
DA:206,4
DA:207,4
DA:208,2
DA:209,2
DA:210,2
DA:211,2
DA:212,2
DA:213,2
DA:214,2
DA:215,2
DA:216,2
DA:217,2
DA:218,2
DA:219,2
DA:220,2
DA:221,2
DA:222,0
DA:223,0
DA:224,2
DA:225,2
DA:226,2
DA:227,2
DA:228,2
DA:229,2
DA:230,2
DA:231,4
DA:232,1
DA:233,1
DA:234,1
DA:235,1
DA:236,1
DA:237,1
DA:238,1
LF:238
LH:228
BRDA:19,0,0,0
BRDA:34,1,0,10
BRDA:37,2,0,1
BRDA:40,3,0,9
BRDA:43,4,0,0
BRDA:46,5,0,9
BRDA:53,6,0,1
BRDA:56,7,0,8
BRDA:56,8,0,1
BRDA:59,9,0,7
BRDA:59,10,0,1
BRDA:62,11,0,6
BRDA:73,12,0,17
BRDA:77,13,0,1
BRDA:80,14,0,16
BRDA:82,15,0,1
BRDA:85,16,0,15
BRDA:88,17,0,7
BRDA:89,18,0,2
BRDA:92,19,0,5
BRDA:92,20,0,1
BRDA:95,21,0,4
BRDA:97,22,0,4
BRDA:98,23,0,1
BRDA:101,24,0,3
BRDA:101,25,0,1
BRDA:104,26,0,2
BRDA:104,27,0,1
BRDA:109,28,0,4
BRDA:110,29,0,1
BRDA:113,30,0,3
BRDA:113,31,0,1
BRDA:116,32,0,2
BRDA:116,33,0,1
BRDA:116,34,0,1
BRDA:116,35,0,1
BRDA:131,36,0,4
BRDA:134,37,0,0
BRDA:152,38,0,1
BRDA:157,39,0,3
BRDA:160,40,0,0
BRDA:166,41,0,1
BRDA:169,42,0,2
BRDA:173,43,0,0
BRDA:187,44,0,4
BRDA:190,45,0,0
BRDA:208,46,0,2
BRDA:216,47,0,0
BRDA:221,48,0,0
BRDA:228,49,0,0
BRF:50
BRH:41
end_of_record
